<?xml version="1.0" encoding="UTF-8"?>
<!-- Generated by org.testng.reporters.JUnitReportReporter -->
<testsuite hostname="HiteshJHPJLenovoPP" failures="0" tests="5" name="framework.ExcelToDataProvider" time="0.047" errors="1" timestamp="29 Jan 2019 11:47:19 GMT" skipped="0">
  <testcase classname="framework.ExcelToDataProvider" name="WriteResult" time="0.000">
    <error message="
Parameter &#039;Ress&#039; is required by @Test on method WriteResult but has not been marked @Optional or defined
in C:\Users\Crest\AppData\Local\Temp\testng-eclipse-1035356055\testng-customsuite.xml" type="org.testng.TestNGException">
      <![CDATA[org.testng.TestNGException: 
Parameter 'Ress' is required by @Test on method WriteResult but has not been marked @Optional or defined
in C:\Users\Crest\AppData\Local\Temp\testng-eclipse-1035356055\testng-customsuite.xml
at org.testng.internal.Parameters.createParams(Parameters.java:290)
at org.testng.internal.Parameters.createParametersForMethod(Parameters.java:359)
at org.testng.internal.Parameters.createParameters(Parameters.java:620)
at org.testng.internal.Parameters.handleParameters(Parameters.java:769)
at org.testng.internal.ParameterHandler.handleParameters(ParameterHandler.java:49)
at org.testng.internal.ParameterHandler.createParameters(ParameterHandler.java:37)
at org.testng.internal.Invoker.invokeTestMethods(Invoker.java:923)
at org.testng.internal.TestMethodWorker.invokeTestMethods(TestMethodWorker.java:125)
at org.testng.internal.TestMethodWorker.run(TestMethodWorker.java:109)
at org.testng.TestRunner.privateRun(TestRunner.java:648)
at org.testng.TestRunner.run(TestRunner.java:505)
at org.testng.SuiteRunner.runTest(SuiteRunner.java:455)
at org.testng.SuiteRunner.runSequentially(SuiteRunner.java:450)
at org.testng.SuiteRunner.privateRun(SuiteRunner.java:415)
at org.testng.SuiteRunner.run(SuiteRunner.java:364)
at org.testng.SuiteRunnerWorker.runSuite(SuiteRunnerWorker.java:52)
at org.testng.SuiteRunnerWorker.run(SuiteRunnerWorker.java:84)
at org.testng.TestNG.runSuitesSequentially(TestNG.java:1208)
at org.testng.TestNG.runSuitesLocally(TestNG.java:1137)
at org.testng.TestNG.runSuites(TestNG.java:1049)
at org.testng.TestNG.run(TestNG.java:1017)
at org.testng.remote.AbstractRemoteTestNG.run(AbstractRemoteTestNG.java:114)
at org.testng.remote.RemoteTestNG.initAndRun(RemoteTestNG.java:251)
at org.testng.remote.RemoteTestNG.main(RemoteTestNG.java:77)
]]>
    </error>
  </testcase> <!-- WriteResult -->
  <testcase classname="framework.ExcelToDataProvider" name="AddVariants" time="0.016"/>
  <testcase classname="framework.ExcelToDataProvider" name="AddVariants" time="0.015"/>
  <testcase classname="framework.ExcelToDataProvider" name="AddVariants" time="0.016"/>
  <testcase classname="framework.ExcelToDataProvider" name="AddVariants" time="0.000"/>
</testsuite> <!-- framework.ExcelToDataProvider -->
